<?xml version="1.0" encoding="UTF-8"?>
<!-- Generated by org.testng.reporters.JUnitReportReporter -->
<testsuite skipped="0" hostname="DESKTOP-A28BAJQ" name="ups.pack.testRunner.UpsShippingTest" tests="1" failures="0" timestamp="12 Dec 2019 21:16:46 GMT" time="5.103" errors="0">
  <testcase name="ShippingTest" time="5.103" classname="ups.pack.testRunner.UpsShippingTest"/>
</testsuite> <!-- ups.pack.testRunner.UpsShippingTest -->
