<?xml version="1.0" encoding="UTF-8"?>
<!-- Generated by org.testng.reporters.JUnitReportReporter -->
<testsuite skipped="0" hostname="DESKTOP-A28BAJQ" name="ups.pack.testRunner.UpsTrackingTest" tests="1" failures="0" timestamp="07 Dec 2019 21:13:00 GMT" time="1.265" errors="0">
  <testcase name="trackingTest" time="1.265" classname="ups.pack.testRunner.UpsTrackingTest"/>
</testsuite> <!-- ups.pack.testRunner.UpsTrackingTest -->
