<?xml version="1.0" encoding="UTF-8"?>
<!-- Generated by org.testng.reporters.JUnitReportReporter -->
<testsuite skipped="0" hostname="DESKTOP-A28BAJQ" name="ups.pack.testRunner.UpsLoginTest" tests="1" failures="0" timestamp="12 Dec 2019 00:56:47 GMT" time="4.257" errors="0">
  <testcase name="loginTest" time="4.257" classname="ups.pack.testRunner.UpsLoginTest"/>
</testsuite> <!-- ups.pack.testRunner.UpsLoginTest -->
